<?xml version="1.0" encoding="UTF-8"?>
<testsuite xmlns:xsi="http://www.w3.org/2001/XMLSchema-instance" xsi:noNamespaceSchemaLocation="https://maven.apache.org/surefire/maven-surefire-plugin/xsd/surefire-test-report.xsd" name="dev.codescreen.BankLedgerAPI.service.DatabaseServiceTest" time="0.001" tests="5" errors="0" skipped="0" failures="0">
  <properties>
    <property name="java.specification.version" value="17"/>
    <property name="sun.jnu.encoding" value="UTF-8"/>
    <property name="java.class.path" value="/Users/ellenstuder/Desktop/CodeScreen_wyvdyw2a/target/test-classes:/Users/ellenstuder/Desktop/CodeScreen_wyvdyw2a/target/classes:/Users/ellenstuder/.m2/repository/junit/junit/4.12/junit-4.12.jar:/Users/ellenstuder/.m2/repository/org/hamcrest/hamcrest-core/1.3/hamcrest-core-1.3.jar:/Users/ellenstuder/.m2/repository/org/junit/jupiter/junit-jupiter-api/5.8.0/junit-jupiter-api-5.8.0.jar:/Users/ellenstuder/.m2/repository/org/opentest4j/opentest4j/1.2.0/opentest4j-1.2.0.jar:/Users/ellenstuder/.m2/repository/org/junit/platform/junit-platform-commons/1.8.0/junit-platform-commons-1.8.0.jar:/Users/ellenstuder/.m2/repository/org/apiguardian/apiguardian-api/1.1.2/apiguardian-api-1.1.2.jar:/Users/ellenstuder/.m2/repository/org/mockito/mockito-core/3.6.0/mockito-core-3.6.0.jar:/Users/ellenstuder/.m2/repository/net/bytebuddy/byte-buddy/1.10.15/byte-buddy-1.10.15.jar:/Users/ellenstuder/.m2/repository/net/bytebuddy/byte-buddy-agent/1.10.15/byte-buddy-agent-1.10.15.jar:/Users/ellenstuder/.m2/repository/org/objenesis/objenesis/3.1/objenesis-3.1.jar:/Users/ellenstuder/.m2/repository/com/google/guava/guava/28.0-jre/guava-28.0-jre.jar:/Users/ellenstuder/.m2/repository/com/google/guava/failureaccess/1.0.1/failureaccess-1.0.1.jar:/Users/ellenstuder/.m2/repository/com/google/guava/listenablefuture/9999.0-empty-to-avoid-conflict-with-guava/listenablefuture-9999.0-empty-to-avoid-conflict-with-guava.jar:/Users/ellenstuder/.m2/repository/com/google/code/findbugs/jsr305/3.0.2/jsr305-3.0.2.jar:/Users/ellenstuder/.m2/repository/org/checkerframework/checker-qual/2.8.1/checker-qual-2.8.1.jar:/Users/ellenstuder/.m2/repository/com/google/errorprone/error_prone_annotations/2.3.2/error_prone_annotations-2.3.2.jar:/Users/ellenstuder/.m2/repository/com/google/j2objc/j2objc-annotations/1.3/j2objc-annotations-1.3.jar:/Users/ellenstuder/.m2/repository/org/codehaus/mojo/animal-sniffer-annotations/1.17/animal-sniffer-annotations-1.17.jar:/Users/ellenstuder/.m2/repository/io/javalin/javalin/6.1.3/javalin-6.1.3.jar:/Users/ellenstuder/.m2/repository/org/slf4j/slf4j-api/2.0.12/slf4j-api-2.0.12.jar:/Users/ellenstuder/.m2/repository/org/eclipse/jetty/jetty-server/11.0.20/jetty-server-11.0.20.jar:/Users/ellenstuder/.m2/repository/org/eclipse/jetty/jetty-http/11.0.20/jetty-http-11.0.20.jar:/Users/ellenstuder/.m2/repository/org/eclipse/jetty/jetty-util/11.0.20/jetty-util-11.0.20.jar:/Users/ellenstuder/.m2/repository/org/eclipse/jetty/jetty-io/11.0.20/jetty-io-11.0.20.jar:/Users/ellenstuder/.m2/repository/org/eclipse/jetty/toolchain/jetty-jakarta-servlet-api/5.0.2/jetty-jakarta-servlet-api-5.0.2.jar:/Users/ellenstuder/.m2/repository/org/eclipse/jetty/websocket/websocket-jetty-server/11.0.20/websocket-jetty-server-11.0.20.jar:/Users/ellenstuder/.m2/repository/org/eclipse/jetty/jetty-servlet/11.0.20/jetty-servlet-11.0.20.jar:/Users/ellenstuder/.m2/repository/org/eclipse/jetty/jetty-security/11.0.20/jetty-security-11.0.20.jar:/Users/ellenstuder/.m2/repository/org/eclipse/jetty/jetty-webapp/11.0.20/jetty-webapp-11.0.20.jar:/Users/ellenstuder/.m2/repository/org/eclipse/jetty/jetty-xml/11.0.20/jetty-xml-11.0.20.jar:/Users/ellenstuder/.m2/repository/org/eclipse/jetty/websocket/websocket-jetty-api/11.0.20/websocket-jetty-api-11.0.20.jar:/Users/ellenstuder/.m2/repository/org/eclipse/jetty/websocket/websocket-jetty-common/11.0.20/websocket-jetty-common-11.0.20.jar:/Users/ellenstuder/.m2/repository/org/eclipse/jetty/websocket/websocket-core-common/11.0.20/websocket-core-common-11.0.20.jar:/Users/ellenstuder/.m2/repository/org/eclipse/jetty/websocket/websocket-servlet/11.0.20/websocket-servlet-11.0.20.jar:/Users/ellenstuder/.m2/repository/org/eclipse/jetty/websocket/websocket-core-server/11.0.20/websocket-core-server-11.0.20.jar:/Users/ellenstuder/.m2/repository/org/jetbrains/kotlin/kotlin-stdlib-jdk8/1.9.22/kotlin-stdlib-jdk8-1.9.22.jar:/Users/ellenstuder/.m2/repository/org/jetbrains/kotlin/kotlin-stdlib/1.9.22/kotlin-stdlib-1.9.22.jar:/Users/ellenstuder/.m2/repository/org/jetbrains/annotations/13.0/annotations-13.0.jar:/Users/ellenstuder/.m2/repository/org/jetbrains/kotlin/kotlin-stdlib-jdk7/1.9.22/kotlin-stdlib-jdk7-1.9.22.jar:/Users/ellenstuder/.m2/repository/org/slf4j/slf4j-simple/2.0.10/slf4j-simple-2.0.10.jar:/Users/ellenstuder/.m2/repository/com/fasterxml/jackson/core/jackson-databind/2.13.3/jackson-databind-2.13.3.jar:/Users/ellenstuder/.m2/repository/com/fasterxml/jackson/core/jackson-annotations/2.13.3/jackson-annotations-2.13.3.jar:/Users/ellenstuder/.m2/repository/com/fasterxml/jackson/core/jackson-core/2.13.3/jackson-core-2.13.3.jar:/Users/ellenstuder/.m2/repository/org/mongodb/mongodb-driver-sync/5.1.0/mongodb-driver-sync-5.1.0.jar:/Users/ellenstuder/.m2/repository/org/mongodb/bson/5.1.0/bson-5.1.0.jar:/Users/ellenstuder/.m2/repository/org/mongodb/mongodb-driver-core/5.1.0/mongodb-driver-core-5.1.0.jar:/Users/ellenstuder/.m2/repository/org/mongodb/bson-record-codec/5.1.0/bson-record-codec-5.1.0.jar:"/>
    <property name="java.vm.vendor" value="Eclipse Adoptium"/>
    <property name="sun.arch.data.model" value="64"/>
    <property name="java.vendor.url" value="https://adoptium.net/"/>
    <property name="os.name" value="Mac OS X"/>
    <property name="java.vm.specification.version" value="17"/>
    <property name="sun.java.launcher" value="SUN_STANDARD"/>
    <property name="user.country" value="US"/>
    <property name="sun.boot.library.path" value="/Users/ellenstuder/.sdkman/candidates/java/17.0.11-tem/lib"/>
    <property name="sun.java.command" value="/Users/ellenstuder/Desktop/CodeScreen_wyvdyw2a/target/surefire/surefirebooter18416041889135432084.jar /Users/ellenstuder/Desktop/CodeScreen_wyvdyw2a/target/surefire 2024-05-06T05-02-59_357-jvmRun2 surefire13476564824996399735tmp surefire_16516160455873611876tmp"/>
    <property name="http.nonProxyHosts" value="local|*.local|169.254/16|*.169.254/16"/>
    <property name="jdk.debug" value="release"/>
    <property name="surefire.test.class.path" value="/Users/ellenstuder/Desktop/CodeScreen_wyvdyw2a/target/test-classes:/Users/ellenstuder/Desktop/CodeScreen_wyvdyw2a/target/classes:/Users/ellenstuder/.m2/repository/junit/junit/4.12/junit-4.12.jar:/Users/ellenstuder/.m2/repository/org/hamcrest/hamcrest-core/1.3/hamcrest-core-1.3.jar:/Users/ellenstuder/.m2/repository/org/junit/jupiter/junit-jupiter-api/5.8.0/junit-jupiter-api-5.8.0.jar:/Users/ellenstuder/.m2/repository/org/opentest4j/opentest4j/1.2.0/opentest4j-1.2.0.jar:/Users/ellenstuder/.m2/repository/org/junit/platform/junit-platform-commons/1.8.0/junit-platform-commons-1.8.0.jar:/Users/ellenstuder/.m2/repository/org/apiguardian/apiguardian-api/1.1.2/apiguardian-api-1.1.2.jar:/Users/ellenstuder/.m2/repository/org/mockito/mockito-core/3.6.0/mockito-core-3.6.0.jar:/Users/ellenstuder/.m2/repository/net/bytebuddy/byte-buddy/1.10.15/byte-buddy-1.10.15.jar:/Users/ellenstuder/.m2/repository/net/bytebuddy/byte-buddy-agent/1.10.15/byte-buddy-agent-1.10.15.jar:/Users/ellenstuder/.m2/repository/org/objenesis/objenesis/3.1/objenesis-3.1.jar:/Users/ellenstuder/.m2/repository/com/google/guava/guava/28.0-jre/guava-28.0-jre.jar:/Users/ellenstuder/.m2/repository/com/google/guava/failureaccess/1.0.1/failureaccess-1.0.1.jar:/Users/ellenstuder/.m2/repository/com/google/guava/listenablefuture/9999.0-empty-to-avoid-conflict-with-guava/listenablefuture-9999.0-empty-to-avoid-conflict-with-guava.jar:/Users/ellenstuder/.m2/repository/com/google/code/findbugs/jsr305/3.0.2/jsr305-3.0.2.jar:/Users/ellenstuder/.m2/repository/org/checkerframework/checker-qual/2.8.1/checker-qual-2.8.1.jar:/Users/ellenstuder/.m2/repository/com/google/errorprone/error_prone_annotations/2.3.2/error_prone_annotations-2.3.2.jar:/Users/ellenstuder/.m2/repository/com/google/j2objc/j2objc-annotations/1.3/j2objc-annotations-1.3.jar:/Users/ellenstuder/.m2/repository/org/codehaus/mojo/animal-sniffer-annotations/1.17/animal-sniffer-annotations-1.17.jar:/Users/ellenstuder/.m2/repository/io/javalin/javalin/6.1.3/javalin-6.1.3.jar:/Users/ellenstuder/.m2/repository/org/slf4j/slf4j-api/2.0.12/slf4j-api-2.0.12.jar:/Users/ellenstuder/.m2/repository/org/eclipse/jetty/jetty-server/11.0.20/jetty-server-11.0.20.jar:/Users/ellenstuder/.m2/repository/org/eclipse/jetty/jetty-http/11.0.20/jetty-http-11.0.20.jar:/Users/ellenstuder/.m2/repository/org/eclipse/jetty/jetty-util/11.0.20/jetty-util-11.0.20.jar:/Users/ellenstuder/.m2/repository/org/eclipse/jetty/jetty-io/11.0.20/jetty-io-11.0.20.jar:/Users/ellenstuder/.m2/repository/org/eclipse/jetty/toolchain/jetty-jakarta-servlet-api/5.0.2/jetty-jakarta-servlet-api-5.0.2.jar:/Users/ellenstuder/.m2/repository/org/eclipse/jetty/websocket/websocket-jetty-server/11.0.20/websocket-jetty-server-11.0.20.jar:/Users/ellenstuder/.m2/repository/org/eclipse/jetty/jetty-servlet/11.0.20/jetty-servlet-11.0.20.jar:/Users/ellenstuder/.m2/repository/org/eclipse/jetty/jetty-security/11.0.20/jetty-security-11.0.20.jar:/Users/ellenstuder/.m2/repository/org/eclipse/jetty/jetty-webapp/11.0.20/jetty-webapp-11.0.20.jar:/Users/ellenstuder/.m2/repository/org/eclipse/jetty/jetty-xml/11.0.20/jetty-xml-11.0.20.jar:/Users/ellenstuder/.m2/repository/org/eclipse/jetty/websocket/websocket-jetty-api/11.0.20/websocket-jetty-api-11.0.20.jar:/Users/ellenstuder/.m2/repository/org/eclipse/jetty/websocket/websocket-jetty-common/11.0.20/websocket-jetty-common-11.0.20.jar:/Users/ellenstuder/.m2/repository/org/eclipse/jetty/websocket/websocket-core-common/11.0.20/websocket-core-common-11.0.20.jar:/Users/ellenstuder/.m2/repository/org/eclipse/jetty/websocket/websocket-servlet/11.0.20/websocket-servlet-11.0.20.jar:/Users/ellenstuder/.m2/repository/org/eclipse/jetty/websocket/websocket-core-server/11.0.20/websocket-core-server-11.0.20.jar:/Users/ellenstuder/.m2/repository/org/jetbrains/kotlin/kotlin-stdlib-jdk8/1.9.22/kotlin-stdlib-jdk8-1.9.22.jar:/Users/ellenstuder/.m2/repository/org/jetbrains/kotlin/kotlin-stdlib/1.9.22/kotlin-stdlib-1.9.22.jar:/Users/ellenstuder/.m2/repository/org/jetbrains/annotations/13.0/annotations-13.0.jar:/Users/ellenstuder/.m2/repository/org/jetbrains/kotlin/kotlin-stdlib-jdk7/1.9.22/kotlin-stdlib-jdk7-1.9.22.jar:/Users/ellenstuder/.m2/repository/org/slf4j/slf4j-simple/2.0.10/slf4j-simple-2.0.10.jar:/Users/ellenstuder/.m2/repository/com/fasterxml/jackson/core/jackson-databind/2.13.3/jackson-databind-2.13.3.jar:/Users/ellenstuder/.m2/repository/com/fasterxml/jackson/core/jackson-annotations/2.13.3/jackson-annotations-2.13.3.jar:/Users/ellenstuder/.m2/repository/com/fasterxml/jackson/core/jackson-core/2.13.3/jackson-core-2.13.3.jar:/Users/ellenstuder/.m2/repository/org/mongodb/mongodb-driver-sync/5.1.0/mongodb-driver-sync-5.1.0.jar:/Users/ellenstuder/.m2/repository/org/mongodb/bson/5.1.0/bson-5.1.0.jar:/Users/ellenstuder/.m2/repository/org/mongodb/mongodb-driver-core/5.1.0/mongodb-driver-core-5.1.0.jar:/Users/ellenstuder/.m2/repository/org/mongodb/bson-record-codec/5.1.0/bson-record-codec-5.1.0.jar:"/>
    <property name="sun.cpu.endian" value="little"/>
    <property name="user.home" value="/Users/ellenstuder"/>
    <property name="user.language" value="en"/>
    <property name="java.specification.vendor" value="Oracle Corporation"/>
    <property name="java.version.date" value="2024-04-16"/>
    <property name="java.home" value="/Users/ellenstuder/.sdkman/candidates/java/17.0.11-tem"/>
    <property name="file.separator" value="/"/>
    <property name="basedir" value="/Users/ellenstuder/Desktop/CodeScreen_wyvdyw2a"/>
    <property name="java.vm.compressedOopsMode" value="Zero based"/>
    <property name="line.separator" value="&#10;"/>
    <property name="java.specification.name" value="Java Platform API Specification"/>
    <property name="java.vm.specification.vendor" value="Oracle Corporation"/>
    <property name="surefire.real.class.path" value="/Users/ellenstuder/Desktop/CodeScreen_wyvdyw2a/target/surefire/surefirebooter18416041889135432084.jar"/>
    <property name="sun.management.compiler" value="HotSpot 64-Bit Tiered Compilers"/>
    <property name="ftp.nonProxyHosts" value="local|*.local|169.254/16|*.169.254/16"/>
    <property name="java.runtime.version" value="17.0.11+9"/>
    <property name="user.name" value="ellenstuder"/>
    <property name="path.separator" value=":"/>
    <property name="os.version" value="14.3.1"/>
    <property name="java.runtime.name" value="OpenJDK Runtime Environment"/>
    <property name="file.encoding" value="UTF-8"/>
    <property name="java.vm.name" value="OpenJDK 64-Bit Server VM"/>
    <property name="java.vendor.version" value="Temurin-17.0.11+9"/>
    <property name="localRepository" value="/Users/ellenstuder/.m2/repository"/>
    <property name="java.vendor.url.bug" value="https://github.com/adoptium/adoptium-support/issues"/>
    <property name="java.io.tmpdir" value="/var/folders/jc/wxb_3s6s55s_t6hfwy7blmp00000gn/T/"/>
    <property name="java.version" value="17.0.11"/>
    <property name="user.dir" value="/Users/ellenstuder/Desktop/CodeScreen_wyvdyw2a"/>
    <property name="os.arch" value="aarch64"/>
    <property name="java.vm.specification.name" value="Java Virtual Machine Specification"/>
    <property name="native.encoding" value="UTF-8"/>
    <property name="java.library.path" value="/Users/ellenstuder/Library/Java/Extensions:/Library/Java/Extensions:/Network/Library/Java/Extensions:/System/Library/Java/Extensions:/usr/lib/java:."/>
    <property name="java.vm.info" value="mixed mode"/>
    <property name="java.vendor" value="Eclipse Adoptium"/>
    <property name="java.vm.version" value="17.0.11+9"/>
    <property name="sun.io.unicode.encoding" value="UnicodeBig"/>
    <property name="socksNonProxyHosts" value="local|*.local|169.254/16|*.169.254/16"/>
    <property name="java.class.version" value="61.0"/>
  </properties>
  <testcase name="testCreateUserRecord" classname="dev.codescreen.BankLedgerAPI.service.DatabaseServiceTest" time="0"/>
  <testcase name="testClose" classname="dev.codescreen.BankLedgerAPI.service.DatabaseServiceTest" time="0"/>
  <testcase name="testOpen" classname="dev.codescreen.BankLedgerAPI.service.DatabaseServiceTest" time="0"/>
  <testcase name="testAppendEventRecord" classname="dev.codescreen.BankLedgerAPI.service.DatabaseServiceTest" time="0"/>
  <testcase name="testUpdateUserBalance" classname="dev.codescreen.BankLedgerAPI.service.DatabaseServiceTest" time="0"/>
</testsuite>