<?xml version="1.0" encoding="UTF-8"?>
<!-- Generated by org.testng.reporters.JUnitReportReporter -->
<testsuite hostname="MacBook-Air-4.home" failures="0" tests="1" name="TestNGSimpleTest" time="0.003" errors="0" timestamp="2024-05-05T20:04:09 CDT" skipped="0">
  <testcase classname="TestNGSimpleTest" name="testAdd" time="0.003"/>
</testsuite> <!-- TestNGSimpleTest -->
